<?xml version="1.0" encoding="UTF-8"?>
<coverage generated="1666271840857" clover="3.2.0">
  <project timestamp="1666271840857" name="All files">
    <metrics statements="24" coveredstatements="22" conditionals="16" coveredconditionals="14" methods="4" coveredmethods="4" elements="44" coveredelements="40" complexity="0" loc="24" ncloc="24" packages="1" files="1" classes="1"/>
    <file name="index.js" path="/home/gragos/Hexlet_Project/Different-Calculator/src/index.js">
      <metrics statements="24" coveredstatements="22" conditionals="16" coveredconditionals="14" methods="4" coveredmethods="4"/>
      <line num="3" count="1" type="stmt"/>
      <line num="4" count="1" type="stmt"/>
      <line num="5" count="1" type="stmt"/>
      <line num="6" count="1" type="stmt"/>
      <line num="7" count="1" type="stmt"/>
      <line num="8" count="7" type="cond" truecount="2" falsecount="0"/>
      <line num="10" count="1" type="stmt"/>
      <line num="11" count="5" type="cond" truecount="4" falsecount="0"/>
      <line num="12" count="2" type="stmt"/>
      <line num="13" count="3" type="cond" truecount="4" falsecount="0"/>
      <line num="14" count="1" type="stmt"/>
      <line num="15" count="2" type="cond" truecount="2" falsecount="0"/>
      <line num="16" count="1" type="stmt"/>
      <line num="17" count="1" type="stmt"/>
      <line num="18" count="1" type="cond" truecount="1" falsecount="1"/>
      <line num="19" count="0" type="stmt"/>
      <line num="20" count="0" type="stmt"/>
      <line num="21" count="1" type="cond" truecount="1" falsecount="1"/>
      <line num="22" count="1" type="stmt"/>
      <line num="24" count="5" type="stmt"/>
      <line num="27" count="1" type="stmt"/>
      <line num="30" count="1" type="stmt"/>
      <line num="31" count="1" type="stmt"/>
      <line num="32" count="1" type="stmt"/>
    </file>
  </project>
</coverage>
