<?xml version="1.0" encoding="UTF-8"?>
<coverage generated="1667266330933" clover="3.2.0">
  <project timestamp="1667266330934" name="All files">
    <metrics statements="77" coveredstatements="76" conditionals="54" coveredconditionals="51" methods="12" coveredmethods="12" elements="143" coveredelements="139" complexity="0" loc="77" ncloc="77" packages="2" files="5" classes="5"/>
    <package name="src">
      <metrics statements="35" coveredstatements="34" conditionals="22" coveredconditionals="21" methods="5" coveredmethods="5"/>
      <file name="index.js" path="/home/gragos/Hexlet_Project/Different-Calculator/src/index.js">
        <metrics statements="28" coveredstatements="28" conditionals="20" coveredconditionals="20" methods="4" coveredmethods="4"/>
        <line num="4" count="1" type="stmt"/>
        <line num="5" count="10" type="stmt"/>
        <line num="6" count="10" type="stmt"/>
        <line num="7" count="10" type="stmt"/>
        <line num="8" count="10" type="stmt"/>
        <line num="9" count="58" type="cond" truecount="2" falsecount="0"/>
        <line num="11" count="10" type="stmt"/>
        <line num="12" count="36" type="cond" truecount="4" falsecount="0"/>
        <line num="13" count="8" type="stmt"/>
        <line num="15" count="36" type="cond" truecount="2" falsecount="0"/>
        <line num="16" count="4" type="stmt"/>
        <line num="18" count="36" type="cond" truecount="2" falsecount="0"/>
        <line num="19" count="10" type="stmt"/>
        <line num="21" count="36" type="cond" truecount="4" falsecount="0"/>
        <line num="22" count="22" type="cond" truecount="2" falsecount="0"/>
        <line num="23" count="4" type="stmt"/>
        <line num="24" count="4" type="stmt"/>
        <line num="26" count="22" type="cond" truecount="2" falsecount="0"/>
        <line num="27" count="4" type="stmt"/>
        <line num="28" count="4" type="stmt"/>
        <line num="30" count="22" type="cond" truecount="2" falsecount="0"/>
        <line num="31" count="6" type="stmt"/>
        <line num="34" count="36" type="stmt"/>
        <line num="37" count="10" type="stmt"/>
        <line num="40" count="1" type="stmt"/>
        <line num="41" count="2" type="stmt"/>
        <line num="42" count="2" type="stmt"/>
        <line num="43" count="2" type="stmt"/>
      </file>
      <file name="parsers.js" path="/home/gragos/Hexlet_Project/Different-Calculator/src/parsers.js">
        <metrics statements="7" coveredstatements="6" conditionals="2" coveredconditionals="1" methods="1" coveredmethods="1"/>
        <line num="5" count="1" type="stmt"/>
        <line num="6" count="4" type="stmt"/>
        <line num="7" count="4" type="stmt"/>
        <line num="8" count="4" type="stmt"/>
        <line num="10" count="4" type="cond" truecount="1" falsecount="1"/>
        <line num="11" count="0" type="stmt"/>
        <line num="13" count="4" type="stmt"/>
      </file>
    </package>
    <package name="src.formatters">
      <metrics statements="42" coveredstatements="42" conditionals="32" coveredconditionals="30" methods="7" coveredmethods="7"/>
      <file name="index.js" path="/home/gragos/Hexlet_Project/Different-Calculator/src/formatters/index.js">
        <metrics statements="4" coveredstatements="4" conditionals="2" coveredconditionals="2" methods="1" coveredmethods="1"/>
        <line num="4" count="1" type="stmt"/>
        <line num="5" count="2" type="cond" truecount="2" falsecount="0"/>
        <line num="6" count="1" type="stmt"/>
        <line num="8" count="1" type="stmt"/>
      </file>
      <file name="plain.js" path="/home/gragos/Hexlet_Project/Different-Calculator/src/formatters/plain.js">
        <metrics statements="25" coveredstatements="25" conditionals="20" coveredconditionals="20" methods="3" coveredmethods="3"/>
        <line num="3" count="1" type="cond" truecount="1" falsecount="0"/>
        <line num="4" count="5" type="stmt"/>
        <line num="5" count="5" type="stmt"/>
        <line num="6" count="5" type="stmt"/>
        <line num="7" count="9" type="cond" truecount="2" falsecount="0"/>
        <line num="8" count="3" type="stmt"/>
        <line num="10" count="6" type="stmt"/>
        <line num="12" count="5" type="stmt"/>
        <line num="13" count="13" type="cond" truecount="4" falsecount="0"/>
        <line num="14" count="7" type="stmt"/>
        <line num="16" count="6" type="stmt"/>
        <line num="19" count="5" type="stmt"/>
        <line num="20" count="18" type="stmt"/>
        <line num="21" count="18" type="stmt"/>
        <line num="23" count="18" type="cond" truecount="5" falsecount="0"/>
        <line num="24" count="4" type="stmt"/>
        <line num="25" count="4" type="stmt"/>
        <line num="26" count="14" type="cond" truecount="4" falsecount="0"/>
        <line num="27" count="4" type="stmt"/>
        <line num="28" count="4" type="stmt"/>
        <line num="29" count="10" type="cond" truecount="2" falsecount="0"/>
        <line num="30" count="5" type="stmt"/>
        <line num="31" count="5" type="cond" truecount="2" falsecount="0"/>
        <line num="32" count="2" type="stmt"/>
        <line num="35" count="5" type="stmt"/>
      </file>
      <file name="stylish.js" path="/home/gragos/Hexlet_Project/Different-Calculator/src/formatters/stylish.js">
        <metrics statements="13" coveredstatements="13" conditionals="10" coveredconditionals="8" methods="3" coveredmethods="3"/>
        <line num="1" count="1" type="cond" truecount="0" falsecount="2"/>
        <line num="2" count="1" type="stmt"/>
        <line num="3" count="32" type="cond" truecount="4" falsecount="0"/>
        <line num="4" count="20" type="stmt"/>
        <line num="7" count="12" type="stmt"/>
        <line num="8" count="12" type="stmt"/>
        <line num="9" count="12" type="stmt"/>
        <line num="10" count="12" type="stmt"/>
        <line num="13" count="31" type="cond" truecount="4" falsecount="0"/>
        <line num="14" count="15" type="stmt"/>
        <line num="16" count="16" type="stmt"/>
        <line num="18" count="12" type="stmt"/>
        <line num="21" count="1" type="stmt"/>
      </file>
    </package>
  </project>
</coverage>
