{"/home/gragos/Hexlet_Project/Different-Calculator/src/index.js": {"path":"/home/gragos/Hexlet_Project/Different-Calculator/src/index.js","statementMap":{"0":{"start":{"line":3,"column":16},"end":{"line":28,"column":1}},"1":{"start":{"line":4,"column":20},"end":{"line":4,"column":33}},"2":{"start":{"line":5,"column":20},"end":{"line":5,"column":33}},"3":{"start":{"line":6,"column":18},"end":{"line":6,"column":55}},"4":{"start":{"line":7,"column":21},"end":{"line":7,"column":23}},"5":{"start":{"line":8,"column":2},"end":{"line":8,"column":88}},"6":{"start":{"line":8,"column":28},"end":{"line":8,"column":85}},"7":{"start":{"line":10,"column":15},"end":{"line":25,"column":8}},"8":{"start":{"line":11,"column":4},"end":{"line":23,"column":5}},"9":{"start":{"line":12,"column":6},"end":{"line":12,"column":44}},"10":{"start":{"line":13,"column":11},"end":{"line":23,"column":5}},"11":{"start":{"line":14,"column":6},"end":{"line":14,"column":44}},"12":{"start":{"line":15,"column":11},"end":{"line":23,"column":5}},"13":{"start":{"line":16,"column":6},"end":{"line":16,"column":44}},"14":{"start":{"line":17,"column":6},"end":{"line":17,"column":44}},"15":{"start":{"line":18,"column":11},"end":{"line":23,"column":5}},"16":{"start":{"line":19,"column":6},"end":{"line":19,"column":44}},"17":{"start":{"line":20,"column":6},"end":{"line":20,"column":44}},"18":{"start":{"line":21,"column":11},"end":{"line":23,"column":5}},"19":{"start":{"line":22,"column":6},"end":{"line":22,"column":44}},"20":{"start":{"line":24,"column":4},"end":{"line":24,"column":15}},"21":{"start":{"line":27,"column":2},"end":{"line":27,"column":14}},"22":{"start":{"line":30,"column":16},"end":{"line":33,"column":1}},"23":{"start":{"line":31,"column":23},"end":{"line":31,"column":44}},"24":{"start":{"line":32,"column":2},"end":{"line":32,"column":45}}},"fnMap":{"0":{"name":"(anonymous_0)","decl":{"start":{"line":3,"column":16},"end":{"line":3,"column":17}},"loc":{"start":{"line":3,"column":34},"end":{"line":28,"column":1}},"line":3},"1":{"name":"(anonymous_1)","decl":{"start":{"line":8,"column":17},"end":{"line":8,"column":18}},"loc":{"start":{"line":8,"column":28},"end":{"line":8,"column":85}},"line":8},"2":{"name":"(anonymous_2)","decl":{"start":{"line":10,"column":33},"end":{"line":10,"column":34}},"loc":{"start":{"line":10,"column":47},"end":{"line":25,"column":3}},"line":10},"3":{"name":"(anonymous_3)","decl":{"start":{"line":30,"column":16},"end":{"line":30,"column":17}},"loc":{"start":{"line":30,"column":34},"end":{"line":33,"column":1}},"line":30}},"branchMap":{"0":{"loc":{"start":{"line":8,"column":28},"end":{"line":8,"column":85}},"type":"cond-expr","locations":[{"start":{"line":8,"column":57},"end":{"line":8,"column":78}},{"start":{"line":8,"column":81},"end":{"line":8,"column":85}}],"line":8},"1":{"loc":{"start":{"line":11,"column":4},"end":{"line":23,"column":5}},"type":"if","locations":[{"start":{"line":11,"column":4},"end":{"line":23,"column":5}},{"start":{"line":13,"column":11},"end":{"line":23,"column":5}}],"line":11},"2":{"loc":{"start":{"line":11,"column":8},"end":{"line":11,"column":59}},"type":"binary-expr","locations":[{"start":{"line":11,"column":8},"end":{"line":11,"column":31}},{"start":{"line":11,"column":35},"end":{"line":11,"column":59}}],"line":11},"3":{"loc":{"start":{"line":13,"column":11},"end":{"line":23,"column":5}},"type":"if","locations":[{"start":{"line":13,"column":11},"end":{"line":23,"column":5}},{"start":{"line":15,"column":11},"end":{"line":23,"column":5}}],"line":13},"4":{"loc":{"start":{"line":13,"column":15},"end":{"line":13,"column":66}},"type":"binary-expr","locations":[{"start":{"line":13,"column":15},"end":{"line":13,"column":39}},{"start":{"line":13,"column":43},"end":{"line":13,"column":66}}],"line":13},"5":{"loc":{"start":{"line":15,"column":11},"end":{"line":23,"column":5}},"type":"if","locations":[{"start":{"line":15,"column":11},"end":{"line":23,"column":5}},{"start":{"line":18,"column":11},"end":{"line":23,"column":5}}],"line":15},"6":{"loc":{"start":{"line":18,"column":11},"end":{"line":23,"column":5}},"type":"if","locations":[{"start":{"line":18,"column":11},"end":{"line":23,"column":5}},{"start":{"line":21,"column":11},"end":{"line":23,"column":5}}],"line":18},"7":{"loc":{"start":{"line":21,"column":11},"end":{"line":23,"column":5}},"type":"if","locations":[{"start":{"line":21,"column":11},"end":{"line":23,"column":5}},{"start":{},"end":{}}],"line":21}},"s":{"0":1,"1":1,"2":1,"3":1,"4":1,"5":1,"6":7,"7":1,"8":5,"9":2,"10":3,"11":1,"12":2,"13":1,"14":1,"15":1,"16":0,"17":0,"18":1,"19":1,"20":5,"21":1,"22":1,"23":1,"24":1},"f":{"0":1,"1":7,"2":5,"3":1},"b":{"0":[5,2],"1":[2,3],"2":[5,4],"3":[1,2],"4":[3,1],"5":[1,1],"6":[0,1],"7":[1,0]},"inputSourceMap":null,"_coverageSchema":"1a1c01bbd47fc00a2c39e90264f33305004495a9","hash":"c80af5a56bfb7291c5d5313ac396f2b549bc77b3"}
}
