{"/home/gragos/Hexlet_Project/Different-Calculator/src/index.js": {"path":"/home/gragos/Hexlet_Project/Different-Calculator/src/index.js","statementMap":{"0":{"start":{"line":3,"column":16},"end":{"line":37,"column":1}},"1":{"start":{"line":4,"column":20},"end":{"line":4,"column":33}},"2":{"start":{"line":5,"column":20},"end":{"line":5,"column":33}},"3":{"start":{"line":6,"column":18},"end":{"line":6,"column":55}},"4":{"start":{"line":7,"column":21},"end":{"line":7,"column":23}},"5":{"start":{"line":8,"column":2},"end":{"line":8,"column":88}},"6":{"start":{"line":8,"column":28},"end":{"line":8,"column":85}},"7":{"start":{"line":10,"column":15},"end":{"line":34,"column":8}},"8":{"start":{"line":11,"column":4},"end":{"line":13,"column":5}},"9":{"start":{"line":12,"column":6},"end":{"line":12,"column":54}},"10":{"start":{"line":14,"column":4},"end":{"line":16,"column":5}},"11":{"start":{"line":15,"column":6},"end":{"line":15,"column":35}},"12":{"start":{"line":17,"column":4},"end":{"line":19,"column":5}},"13":{"start":{"line":18,"column":6},"end":{"line":18,"column":35}},"14":{"start":{"line":20,"column":4},"end":{"line":32,"column":5}},"15":{"start":{"line":21,"column":6},"end":{"line":24,"column":7}},"16":{"start":{"line":22,"column":8},"end":{"line":22,"column":37}},"17":{"start":{"line":23,"column":8},"end":{"line":23,"column":37}},"18":{"start":{"line":25,"column":6},"end":{"line":28,"column":7}},"19":{"start":{"line":26,"column":8},"end":{"line":26,"column":37}},"20":{"start":{"line":27,"column":8},"end":{"line":27,"column":37}},"21":{"start":{"line":29,"column":6},"end":{"line":31,"column":7}},"22":{"start":{"line":30,"column":8},"end":{"line":30,"column":35}},"23":{"start":{"line":33,"column":4},"end":{"line":33,"column":15}},"24":{"start":{"line":36,"column":2},"end":{"line":36,"column":14}},"25":{"start":{"line":39,"column":18},"end":{"line":60,"column":1}},"26":{"start":{"line":40,"column":15},"end":{"line":57,"column":3}},"27":{"start":{"line":41,"column":4},"end":{"line":43,"column":5}},"28":{"start":{"line":42,"column":6},"end":{"line":42,"column":31}},"29":{"start":{"line":45,"column":23},"end":{"line":45,"column":42}},"30":{"start":{"line":46,"column":24},"end":{"line":46,"column":55}},"31":{"start":{"line":47,"column":23},"end":{"line":47,"column":64}},"32":{"start":{"line":48,"column":18},"end":{"line":55,"column":8}},"33":{"start":{"line":51,"column":8},"end":{"line":53,"column":9}},"34":{"start":{"line":52,"column":10},"end":{"line":52,"column":65}},"35":{"start":{"line":54,"column":8},"end":{"line":54,"column":65}},"36":{"start":{"line":56,"column":4},"end":{"line":56,"column":56}},"37":{"start":{"line":59,"column":2},"end":{"line":59,"column":24}},"38":{"start":{"line":62,"column":16},"end":{"line":66,"column":1}},"39":{"start":{"line":63,"column":23},"end":{"line":63,"column":44}},"40":{"start":{"line":64,"column":18},"end":{"line":64,"column":50}},"41":{"start":{"line":65,"column":2},"end":{"line":65,"column":17}}},"fnMap":{"0":{"name":"(anonymous_0)","decl":{"start":{"line":3,"column":16},"end":{"line":3,"column":17}},"loc":{"start":{"line":3,"column":34},"end":{"line":37,"column":1}},"line":3},"1":{"name":"(anonymous_1)","decl":{"start":{"line":8,"column":17},"end":{"line":8,"column":18}},"loc":{"start":{"line":8,"column":28},"end":{"line":8,"column":85}},"line":8},"2":{"name":"(anonymous_2)","decl":{"start":{"line":10,"column":33},"end":{"line":10,"column":34}},"loc":{"start":{"line":10,"column":47},"end":{"line":34,"column":3}},"line":10},"3":{"name":"(anonymous_3)","decl":{"start":{"line":39,"column":18},"end":{"line":39,"column":19}},"loc":{"start":{"line":39,"column":62},"end":{"line":60,"column":1}},"line":39},"4":{"name":"(anonymous_4)","decl":{"start":{"line":40,"column":15},"end":{"line":40,"column":16}},"loc":{"start":{"line":40,"column":40},"end":{"line":57,"column":3}},"line":40},"5":{"name":"(anonymous_5)","decl":{"start":{"line":50,"column":11},"end":{"line":50,"column":12}},"loc":{"start":{"line":50,"column":27},"end":{"line":55,"column":7}},"line":50},"6":{"name":"(anonymous_6)","decl":{"start":{"line":62,"column":16},"end":{"line":62,"column":17}},"loc":{"start":{"line":62,"column":34},"end":{"line":66,"column":1}},"line":62}},"branchMap":{"0":{"loc":{"start":{"line":8,"column":28},"end":{"line":8,"column":85}},"type":"cond-expr","locations":[{"start":{"line":8,"column":57},"end":{"line":8,"column":78}},{"start":{"line":8,"column":81},"end":{"line":8,"column":85}}],"line":8},"1":{"loc":{"start":{"line":11,"column":4},"end":{"line":13,"column":5}},"type":"if","locations":[{"start":{"line":11,"column":4},"end":{"line":13,"column":5}},{"start":{},"end":{}}],"line":11},"2":{"loc":{"start":{"line":11,"column":8},"end":{"line":11,"column":56}},"type":"binary-expr","locations":[{"start":{"line":11,"column":8},"end":{"line":11,"column":30}},{"start":{"line":11,"column":34},"end":{"line":11,"column":56}}],"line":11},"3":{"loc":{"start":{"line":14,"column":4},"end":{"line":16,"column":5}},"type":"if","locations":[{"start":{"line":14,"column":4},"end":{"line":16,"column":5}},{"start":{},"end":{}}],"line":14},"4":{"loc":{"start":{"line":17,"column":4},"end":{"line":19,"column":5}},"type":"if","locations":[{"start":{"line":17,"column":4},"end":{"line":19,"column":5}},{"start":{},"end":{}}],"line":17},"5":{"loc":{"start":{"line":20,"column":4},"end":{"line":32,"column":5}},"type":"if","locations":[{"start":{"line":20,"column":4},"end":{"line":32,"column":5}},{"start":{},"end":{}}],"line":20},"6":{"loc":{"start":{"line":20,"column":8},"end":{"line":20,"column":58}},"type":"binary-expr","locations":[{"start":{"line":20,"column":8},"end":{"line":20,"column":31}},{"start":{"line":20,"column":35},"end":{"line":20,"column":58}}],"line":20},"7":{"loc":{"start":{"line":21,"column":6},"end":{"line":24,"column":7}},"type":"if","locations":[{"start":{"line":21,"column":6},"end":{"line":24,"column":7}},{"start":{},"end":{}}],"line":21},"8":{"loc":{"start":{"line":25,"column":6},"end":{"line":28,"column":7}},"type":"if","locations":[{"start":{"line":25,"column":6},"end":{"line":28,"column":7}},{"start":{},"end":{}}],"line":25},"9":{"loc":{"start":{"line":29,"column":6},"end":{"line":31,"column":7}},"type":"if","locations":[{"start":{"line":29,"column":6},"end":{"line":31,"column":7}},{"start":{},"end":{}}],"line":29},"10":{"loc":{"start":{"line":39,"column":26},"end":{"line":39,"column":40}},"type":"default-arg","locations":[{"start":{"line":39,"column":37},"end":{"line":39,"column":40}}],"line":39},"11":{"loc":{"start":{"line":39,"column":42},"end":{"line":39,"column":57}},"type":"default-arg","locations":[{"start":{"line":39,"column":56},"end":{"line":39,"column":57}}],"line":39},"12":{"loc":{"start":{"line":41,"column":4},"end":{"line":43,"column":5}},"type":"if","locations":[{"start":{"line":41,"column":4},"end":{"line":43,"column":5}},{"start":{},"end":{}}],"line":41},"13":{"loc":{"start":{"line":41,"column":8},"end":{"line":41,"column":75}},"type":"binary-expr","locations":[{"start":{"line":41,"column":8},"end":{"line":41,"column":50}},{"start":{"line":41,"column":54},"end":{"line":41,"column":75}}],"line":41},"14":{"loc":{"start":{"line":51,"column":8},"end":{"line":53,"column":9}},"type":"if","locations":[{"start":{"line":51,"column":8},"end":{"line":53,"column":9}},{"start":{},"end":{}}],"line":51},"15":{"loc":{"start":{"line":51,"column":12},"end":{"line":51,"column":56}},"type":"binary-expr","locations":[{"start":{"line":51,"column":12},"end":{"line":51,"column":32}},{"start":{"line":51,"column":36},"end":{"line":51,"column":56}}],"line":51}},"s":{"0":1,"1":5,"2":5,"3":5,"4":5,"5":5,"6":29,"7":5,"8":18,"9":4,"10":18,"11":2,"12":18,"13":5,"14":18,"15":11,"16":2,"17":2,"18":11,"19":2,"20":2,"21":11,"22":3,"23":18,"24":5,"25":1,"26":1,"27":32,"28":20,"29":12,"30":12,"31":12,"32":12,"33":31,"34":15,"35":16,"36":12,"37":1,"38":1,"39":1,"40":1,"41":1},"f":{"0":5,"1":29,"2":18,"3":1,"4":32,"5":31,"6":1},"b":{"0":[18,11],"1":[4,14],"2":[18,6],"3":[2,16],"4":[5,13],"5":[11,7],"6":[18,13],"7":[2,9],"8":[2,9],"9":[3,8],"10":[0],"11":[0],"12":[20,12],"13":[32,13],"14":[15,16],"15":[31,22]},"inputSourceMap":null,"_coverageSchema":"1a1c01bbd47fc00a2c39e90264f33305004495a9","hash":"25e93d43e2dfbe372afc156fdc68d668f70ebce1"}
,"/home/gragos/Hexlet_Project/Different-Calculator/src/parsers.js": {"path":"/home/gragos/Hexlet_Project/Different-Calculator/src/parsers.js","statementMap":{"0":{"start":{"line":5,"column":18},"end":{"line":14,"column":1}},"1":{"start":{"line":6,"column":21},"end":{"line":6,"column":58}},"2":{"start":{"line":7,"column":17},"end":{"line":7,"column":41}},"3":{"start":{"line":8,"column":15},"end":{"line":8,"column":42}},"4":{"start":{"line":10,"column":2},"end":{"line":12,"column":3}},"5":{"start":{"line":11,"column":4},"end":{"line":11,"column":27}},"6":{"start":{"line":13,"column":2},"end":{"line":13,"column":26}}},"fnMap":{"0":{"name":"(anonymous_0)","decl":{"start":{"line":5,"column":18},"end":{"line":5,"column":19}},"loc":{"start":{"line":5,"column":32},"end":{"line":14,"column":1}},"line":5}},"branchMap":{"0":{"loc":{"start":{"line":10,"column":2},"end":{"line":12,"column":3}},"type":"if","locations":[{"start":{"line":10,"column":2},"end":{"line":12,"column":3}},{"start":{},"end":{}}],"line":10}},"s":{"0":1,"1":2,"2":2,"3":2,"4":2,"5":0,"6":2},"f":{"0":2},"b":{"0":[0,2]},"inputSourceMap":null,"_coverageSchema":"1a1c01bbd47fc00a2c39e90264f33305004495a9","hash":"615c2824432ce6686ab6f0e155a0f22e58810a5b"}
}
