TN:
SF:src/index.js
FN:4,(anonymous_0)
FN:9,(anonymous_1)
FN:11,(anonymous_2)
FN:40,(anonymous_3)
FNF:4
FNH:4
FNDA:10,(anonymous_0)
FNDA:58,(anonymous_1)
FNDA:36,(anonymous_2)
FNDA:2,(anonymous_3)
DA:4,1
DA:5,10
DA:6,10
DA:7,10
DA:8,10
DA:9,58
DA:11,10
DA:12,36
DA:13,8
DA:15,36
DA:16,4
DA:18,36
DA:19,10
DA:21,36
DA:22,22
DA:23,4
DA:24,4
DA:26,22
DA:27,4
DA:28,4
DA:30,22
DA:31,6
DA:34,36
DA:37,10
DA:40,1
DA:41,2
DA:42,2
DA:43,2
LF:28
LH:28
BRDA:9,0,0,36
BRDA:9,0,1,22
BRDA:12,1,0,8
BRDA:12,1,1,28
BRDA:12,2,0,36
BRDA:12,2,1,12
BRDA:15,3,0,4
BRDA:15,3,1,32
BRDA:18,4,0,10
BRDA:18,4,1,26
BRDA:21,5,0,22
BRDA:21,5,1,14
BRDA:21,6,0,36
BRDA:21,6,1,26
BRDA:22,7,0,4
BRDA:22,7,1,18
BRDA:26,8,0,4
BRDA:26,8,1,18
BRDA:30,9,0,6
BRDA:30,9,1,16
BRF:20
BRH:20
end_of_record
TN:
SF:src/parsers.js
FN:5,(anonymous_0)
FNF:1
FNH:1
FNDA:4,(anonymous_0)
DA:5,1
DA:6,4
DA:7,4
DA:8,4
DA:10,4
DA:11,0
DA:13,4
LF:7
LH:6
BRDA:10,0,0,0
BRDA:10,0,1,4
BRF:2
BRH:1
end_of_record
TN:
SF:src/formatters/index.js
FN:4,(anonymous_0)
FNF:1
FNH:1
FNDA:2,(anonymous_0)
DA:4,1
DA:5,2
DA:6,1
DA:8,1
LF:4
LH:4
BRDA:5,0,0,1
BRDA:5,0,1,1
BRF:2
BRH:2
end_of_record
TN:
SF:src/formatters/plain.js
FN:3,(anonymous_0)
FN:6,(anonymous_1)
FN:12,(anonymous_2)
FNF:3
FNH:3
FNDA:5,(anonymous_0)
FNDA:9,(anonymous_1)
FNDA:13,(anonymous_2)
DA:3,1
DA:4,5
DA:5,5
DA:6,5
DA:7,9
DA:8,3
DA:10,6
DA:12,5
DA:13,13
DA:14,7
DA:16,6
DA:19,5
DA:20,18
DA:21,18
DA:23,18
DA:24,4
DA:25,4
DA:26,14
DA:27,4
DA:28,4
DA:29,10
DA:30,5
DA:31,5
DA:32,2
DA:35,5
LF:25
LH:25
BRDA:3,0,0,1
BRDA:7,1,0,3
BRDA:7,1,1,6
BRDA:13,2,0,7
BRDA:13,2,1,6
BRDA:13,3,0,13
BRDA:13,3,1,10
BRDA:23,4,0,4
BRDA:23,4,1,14
BRDA:23,5,0,18
BRDA:23,5,1,12
BRDA:23,5,2,7
BRDA:26,6,0,4
BRDA:26,6,1,10
BRDA:26,7,0,14
BRDA:26,7,1,12
BRDA:29,8,0,5
BRDA:29,8,1,5
BRDA:31,9,0,2
BRDA:31,9,1,3
BRF:20
BRH:20
end_of_record
TN:
SF:src/formatters/stylish.js
FN:1,(anonymous_0)
FN:2,(anonymous_1)
FN:12,(anonymous_2)
FNF:3
FNH:3
FNDA:1,(anonymous_0)
FNDA:32,(anonymous_1)
FNDA:31,(anonymous_2)
DA:1,1
DA:2,1
DA:3,32
DA:4,20
DA:7,12
DA:8,12
DA:9,12
DA:10,12
DA:13,31
DA:14,15
DA:16,16
DA:18,12
DA:21,1
LF:13
LH:13
BRDA:1,0,0,0
BRDA:1,1,0,0
BRDA:3,2,0,20
BRDA:3,2,1,12
BRDA:3,3,0,32
BRDA:3,3,1,13
BRDA:13,4,0,15
BRDA:13,4,1,16
BRDA:13,5,0,31
BRDA:13,5,1,22
BRF:10
BRH:8
end_of_record
