TN:
SF:src/index.js
FN:4,(anonymous_0)
FN:9,(anonymous_1)
FN:11,(anonymous_2)
FN:40,(anonymous_3)
FNF:4
FNH:4
FNDA:15,(anonymous_0)
FNDA:87,(anonymous_1)
FNDA:54,(anonymous_2)
FNDA:3,(anonymous_3)
DA:4,1
DA:5,15
DA:6,15
DA:7,15
DA:8,15
DA:9,87
DA:11,15
DA:12,54
DA:13,12
DA:15,54
DA:16,6
DA:18,54
DA:19,15
DA:21,54
DA:22,33
DA:23,6
DA:24,6
DA:26,33
DA:27,6
DA:28,6
DA:30,33
DA:31,9
DA:34,54
DA:37,15
DA:40,1
DA:41,3
DA:42,3
DA:43,3
LF:28
LH:28
BRDA:9,0,0,54
BRDA:9,0,1,33
BRDA:12,1,0,12
BRDA:12,1,1,42
BRDA:12,2,0,54
BRDA:12,2,1,18
BRDA:15,3,0,6
BRDA:15,3,1,48
BRDA:18,4,0,15
BRDA:18,4,1,39
BRDA:21,5,0,33
BRDA:21,5,1,21
BRDA:21,6,0,54
BRDA:21,6,1,39
BRDA:22,7,0,6
BRDA:22,7,1,27
BRDA:26,8,0,6
BRDA:26,8,1,27
BRDA:30,9,0,9
BRDA:30,9,1,24
BRF:20
BRH:20
end_of_record
TN:
SF:src/parsers.js
FN:5,(anonymous_0)
FNF:1
FNH:1
FNDA:6,(anonymous_0)
DA:5,1
DA:6,6
DA:7,6
DA:8,6
DA:10,6
DA:11,0
DA:13,6
LF:7
LH:6
BRDA:10,0,0,0
BRDA:10,0,1,6
BRF:2
BRH:1
end_of_record
TN:
SF:src/formatters/index.js
FN:4,(anonymous_0)
FNF:1
FNH:1
FNDA:3,(anonymous_0)
DA:4,1
DA:5,3
DA:6,1
DA:8,2
DA:9,1
DA:11,1
LF:6
LH:6
BRDA:5,0,0,1
BRDA:5,0,1,2
BRDA:8,1,0,1
BRDA:8,1,1,1
BRF:4
BRH:4
end_of_record
TN:
SF:src/formatters/plain.js
FN:3,(anonymous_0)
FN:6,(anonymous_1)
FN:12,(anonymous_2)
FNF:3
FNH:3
FNDA:5,(anonymous_0)
FNDA:9,(anonymous_1)
FNDA:13,(anonymous_2)
DA:3,1
DA:4,5
DA:5,5
DA:6,5
DA:7,9
DA:8,3
DA:10,6
DA:12,5
DA:13,13
DA:14,7
DA:16,6
DA:19,5
DA:20,18
DA:21,18
DA:23,18
DA:24,4
DA:25,4
DA:26,14
DA:27,4
DA:28,4
DA:29,10
DA:30,5
DA:31,5
DA:32,2
DA:35,5
LF:25
LH:25
BRDA:3,0,0,1
BRDA:7,1,0,3
BRDA:7,1,1,6
BRDA:13,2,0,7
BRDA:13,2,1,6
BRDA:13,3,0,13
BRDA:13,3,1,10
BRDA:23,4,0,4
BRDA:23,4,1,14
BRDA:23,5,0,18
BRDA:23,5,1,12
BRDA:23,5,2,7
BRDA:26,6,0,4
BRDA:26,6,1,10
BRDA:26,7,0,14
BRDA:26,7,1,12
BRDA:29,8,0,5
BRDA:29,8,1,5
BRDA:31,9,0,2
BRDA:31,9,1,3
BRF:20
BRH:20
end_of_record
TN:
SF:src/formatters/stylish.js
FN:1,(anonymous_0)
FN:2,(anonymous_1)
FN:12,(anonymous_2)
FNF:3
FNH:3
FNDA:1,(anonymous_0)
FNDA:32,(anonymous_1)
FNDA:31,(anonymous_2)
DA:1,1
DA:2,1
DA:3,32
DA:4,20
DA:7,12
DA:8,12
DA:9,12
DA:10,12
DA:13,31
DA:14,15
DA:16,16
DA:18,12
DA:21,1
LF:13
LH:13
BRDA:1,0,0,0
BRDA:1,1,0,0
BRDA:3,2,0,20
BRDA:3,2,1,12
BRDA:3,3,0,32
BRDA:3,3,1,13
BRDA:13,4,0,15
BRDA:13,4,1,16
BRDA:13,5,0,31
BRDA:13,5,1,22
BRF:10
BRH:8
end_of_record
